p/positiva999.jpg 1 0 0 200 200
p/positiva998.jpg 1 0 0 200 200
p/positiva997.jpg 1 0 0 200 200
p/positiva996.jpg 1 0 0 200 200
p/positiva995.jpg 1 0 0 200 200
p/positiva994.jpg 1 0 0 200 200
p/positiva902.jpg 1 0 0 200 200
p/positiva901.jpg 1 0 0 200 200
p/positiva895.jpg 1 0 0 200 200
p/positiva894.jpg 1 0 0 200 200
p/positiva888.jpg 1 0 0 200 200
p/positiva887.jpg 1 0 0 200 200
p/positiva881.jpg 1 0 0 200 200
p/positiva880.jpg 1 0 0 200 200
p/positiva846.jpg 1 0 0 200 200
p/positiva845.jpg 1 0 0 200 200
p/positiva809.jpg 1 0 0 200 200
p/positiva808.jpg 1 0 0 200 200
p/positiva807.jpg 1 0 0 200 200
p/positiva806.jpg 1 0 0 200 200
p/positiva805.jpg 1 0 0 200 200
p/positiva804.jpg 1 0 0 200 200
p/positiva803.jpg 1 0 0 200 200
p/positiva802.jpg 1 0 0 200 200
p/positiva801.jpg 1 0 0 200 200
p/positiva800.jpg 1 0 0 200 200
p/positiva799.jpg 1 0 0 200 200
p/positiva798.jpg 1 0 0 200 200
p/positiva797.jpg 1 0 0 200 200
p/positiva796.jpg 1 0 0 200 200
p/positiva795.jpg 1 0 0 200 200
p/positiva794.jpg 1 0 0 200 200
p/positiva793.jpg 1 0 0 200 200
p/positiva792.jpg 1 0 0 200 200
p/positiva791.jpg 1 0 0 200 200
p/positiva790.jpg 1 0 0 200 200
p/positiva789.jpg 1 0 0 200 200
p/positiva739.jpg 1 0 0 200 200
p/positiva738.jpg 1 0 0 200 200
p/positiva737.jpg 1 0 0 200 200
p/positiva736.jpg 1 0 0 200 200
p/positiva735.jpg 1 0 0 200 200
p/positiva734.jpg 1 0 0 200 200
p/positiva733.jpg 1 0 0 200 200
p/positiva655.jpg 1 0 0 200 200
p/positiva654.jpg 1 0 0 200 200
p/positiva653.jpg 1 0 0 200 200
p/positiva652.jpg 1 0 0 200 200
p/positiva651.jpg 1 0 0 200 200
p/positiva650.jpg 1 0 0 200 200
p/positiva649.jpg 1 0 0 200 200
p/positiva648.jpg 1 0 0 200 200
p/positiva647.jpg 1 0 0 200 200
p/positiva646.jpg 1 0 0 200 200
p/positiva645.jpg 1 0 0 200 200
p/positiva644.jpg 1 0 0 200 200
p/positiva643.jpg 1 0 0 200 200
p/positiva642.jpg 1 0 0 200 200
p/positiva634.jpg 1 0 0 200 200
p/positiva633.jpg 1 0 0 200 200
p/positiva632.jpg 1 0 0 200 200
p/positiva631.jpg 1 0 0 200 200
p/positiva630.jpg 1 0 0 200 200
p/positiva629.jpg 1 0 0 200 200
p/positiva628.jpg 1 0 0 200 200
p/positiva627.jpg 1 0 0 200 200
p/positiva626.jpg 1 0 0 200 200
p/positiva625.jpg 1 0 0 200 200
p/positiva624.jpg 1 0 0 200 200
p/positiva623.jpg 1 0 0 200 200
p/positiva622.jpg 1 0 0 200 200
p/positiva621.jpg 1 0 0 200 200
p/positiva585.jpg 1 0 0 200 200
p/positiva584.jpg 1 0 0 200 200
p/positiva583.jpg 1 0 0 200 200
p/positiva582.jpg 1 0 0 200 200
p/positiva581.jpg 1 0 0 200 200
p/positiva566.jpg 1 0 0 200 200
p/positiva565.jpg 1 0 0 200 200
p/positiva564.jpg 1 0 0 200 200
p/positiva563.jpg 1 0 0 200 200
p/positiva562.jpg 1 0 0 200 200
p/positiva561.jpg 1 0 0 200 200
p/positiva560.jpg 1 0 0 200 200
p/positiva559.jpg 1 0 0 200 200
p/positiva558.jpg 1 0 0 200 200
p/positiva473.jpg 1 0 0 200 200
p/positiva472.jpg 1 0 0 200 200
p/positiva471.jpg 1 0 0 200 200
p/positiva470.jpg 1 0 0 200 200
p/positiva469.jpg 1 0 0 200 200
p/positiva468.jpg 1 0 0 200 200
p/positiva467.jpg 1 0 0 200 200
p/positiva466.jpg 1 0 0 200 200
p/positiva465.jpg 1 0 0 200 200
p/positiva464.jpg 1 0 0 200 200
p/positiva463.jpg 1 0 0 200 200
p/positiva462.jpg 1 0 0 200 200
p/positiva461.jpg 1 0 0 200 200
p/positiva460.jpg 1 0 0 200 200
p/positiva459.jpg 1 0 0 200 200
p/positiva458.jpg 1 0 0 200 200
p/positiva457.jpg 1 0 0 200 200
p/positiva456.jpg 1 0 0 200 200
p/positiva455.jpg 1 0 0 200 200
p/positiva454.jpg 1 0 0 200 200
p/positiva453.jpg 1 0 0 200 200
p/positiva389.jpg 1 0 0 200 200
p/positiva388.jpg 1 0 0 200 200
p/positiva387.jpg 1 0 0 200 200
p/positiva386.jpg 1 0 0 200 200
p/positiva385.jpg 1 0 0 200 200
p/positiva384.jpg 1 0 0 200 200
p/positiva383.jpg 1 0 0 200 200
p/positiva382.jpg 1 0 0 200 200
p/positiva381.jpg 1 0 0 200 200
p/positiva380.jpg 1 0 0 200 200
p/positiva379.jpg 1 0 0 200 200
p/positiva378.jpg 1 0 0 200 200
p/positiva377.jpg 1 0 0 200 200
p/positiva376.jpg 1 0 0 200 200
p/positiva340.jpg 1 0 0 200 200
p/positiva339.jpg 1 0 0 200 200
p/positiva338.jpg 1 0 0 200 200
p/positiva337.jpg 1 0 0 200 200
p/positiva334.jpg 1 0 0 200 200
p/positiva333.jpg 1 0 0 200 200
p/positiva332.jpg 1 0 0 200 200
p/positiva331.jpg 1 0 0 200 200
p/positiva330.jpg 1 0 0 200 200
p/positiva329.jpg 1 0 0 200 200
p/positiva328.jpg 1 0 0 200 200
p/positiva327.jpg 1 0 0 200 200
p/positiva326.jpg 1 0 0 200 200
p/positiva325.jpg 1 0 0 200 200
p/positiva324.jpg 1 0 0 200 200
p/positiva323.jpg 1 0 0 200 200
p/positiva322.jpg 1 0 0 200 200
p/positiva321.jpg 1 0 0 200 200
p/positiva320.jpg 1 0 0 200 200
p/positiva319.jpg 1 0 0 200 200
p/positiva318.jpg 1 0 0 200 200
p/positiva317.jpg 1 0 0 200 200
p/positiva316.jpg 1 0 0 200 200
p/positiva315.jpg 1 0 0 200 200
p/positiva314.jpg 1 0 0 200 200
p/positiva313.jpg 1 0 0 200 200
p/positiva305.jpg 1 0 0 200 200
p/positiva304.jpg 1 0 0 200 200
p/positiva303.jpg 1 0 0 200 200
p/positiva302.jpg 1 0 0 200 200
p/positiva301.jpg 1 0 0 200 200
p/positiva210.jpg 1 0 0 200 200
p/positiva209.jpg 1 0 0 200 200
p/positiva208.jpg 1 0 0 200 200
p/positiva207.jpg 1 0 0 200 200
p/positiva206.jpg 1 0 0 200 200
p/positiva205.jpg 1 0 0 200 200
p/positiva204.jpg 1 0 0 200 200
p/positiva203.jpg 1 0 0 200 200
p/positiva202.jpg 1 0 0 200 200
p/positiva201.jpg 1 0 0 200 200
p/positiva115.jpg 1 0 0 200 200
p/positiva114.jpg 1 0 0 200 200
p/positiva113.jpg 1 0 0 200 200
p/positiva112.jpg 1 0 0 200 200
p/positiva111.jpg 1 0 0 200 200
p/positiva110.jpg 1 0 0 200 200
p/positiva109.jpg 1 0 0 200 200
p/positiva108.jpg 1 0 0 200 200
p/positiva107.jpg 1 0 0 200 200
p/positiva105.jpg 1 0 0 200 200
p/positiva10.jpg 1 0 0 200 200
p/positiva9.jpg 1 0 0 200 200
p/positiva8.jpg 1 0 0 200 200
p/positiva7.jpg 1 0 0 200 200
p/positiva6.jpg 1 0 0 200 200
p/positiva5.jpg 1 0 0 200 200
p/positiva4.jpg 1 0 0 200 200
p/positiva3.jpg 1 0 0 200 200
p/positiva2.jpg 1 0 0 200 200
p/positiva1.jpg 1 0 0 200 200